<?xml version="1.0" encoding="UTF-8"?>
<!-- Generated by org.testng.reporters.JUnitXMLReporter -->
<testsuite ignored="9" hostname="josh-Latitude-3410" failures="0" tests="17" name="Alerts" time="20.4" errors="0" timestamp="2023-02-22T10:29:17 IST">
  <testcase classname="testcases.Alerts_Test" name="navigate_to_alerts" time="0.165"/>
  <testcase classname="testcases.Alerts_Test" name="handle_simple_alert" time="0.063"/>
  <testcase classname="testcases.Alerts_Test" name="handle_delay_alert" time="5.203"/>
  <testcase classname="testcases.Alerts_Test" name="handle_confirm_alert" time="0.089"/>
  <testcase classname="testcases.Alerts_Test" name="handle_prompt_alert" time="0.09"/>
  <testcase classname="testcases.Frames_Test" name="navigate_to_frames" time="0.059"/>
  <testcase classname="testcases.Frames_Test" name="frame1" time="0.281"/>
  <testcase classname="testcases.Frames_Test" name="frame2" time="0.071"/>
  <testcase classname="testcases.NestedFrames_Test" name="navigate_to_nested_frames" time="0.061"/>
  <testcase classname="testcases.NestedFrames_Test" name="outer_frame" time="0.64"/>
  <testcase classname="testcases.NestedFrames_Test" name="inner_frame" time="0.137"/>
  <testcase classname="testcases.Modals_Test" name="navigate_to_modal_dialogs" time="0.061"/>
  <testcase classname="testcases.Modals_Test" name="small_modal" time="0.123"/>
  <testcase classname="testcases.Modals_Test" name="large_modal" time="0.177"/>
  <testcase classname="testcases.Windows_Test" name="navigate_to_windows" time="0.085"/>
  <testcase classname="testcases.Windows_Test" name="new_tab" time="0.24"/>
  <testcase classname="testcases.Windows_Test" name="new_window" time="0.21"/>
  <testcase classname="base.Base" name="@AfterTest teardown" time="0.0">
    <ignored/>
  </testcase> <!-- @AfterTest teardown -->
  <testcase classname="base.Base" name="@AfterTest teardown" time="0.0">
    <ignored/>
  </testcase> <!-- @AfterTest teardown -->
  <testcase classname="base.Base" name="@BeforeTest setup" time="0.0">
    <ignored/>
  </testcase> <!-- @BeforeTest setup -->
  <testcase classname="base.Base" name="@AfterTest teardown" time="0.0">
    <ignored/>
  </testcase> <!-- @AfterTest teardown -->
  <testcase classname="testcases.Windows_Test" name="new_msg_window" time="0.0">
    <ignored/>
  </testcase> <!-- new_msg_window -->
  <testcase classname="base.Base" name="@BeforeTest setup" time="0.0">
    <ignored/>
  </testcase> <!-- @BeforeTest setup -->
  <testcase classname="base.Base" name="@AfterTest teardown" time="0.0">
    <ignored/>
  </testcase> <!-- @AfterTest teardown -->
  <testcase classname="base.Base" name="@BeforeTest setup" time="0.0">
    <ignored/>
  </testcase> <!-- @BeforeTest setup -->
  <testcase classname="base.Base" name="@BeforeTest setup" time="0.0">
    <ignored/>
  </testcase> <!-- @BeforeTest setup -->
</testsuite> <!-- Alerts -->
