<?xml version="1.0" encoding="UTF-8"?>
<!-- Generated by org.testng.reporters.JUnitXMLReporter -->
<testsuite ignored="9" hostname="josh-Latitude-3410" failures="0" tests="18" name="Interactions" time="30.236" errors="0" timestamp="2023-02-22T10:30:13 IST">
  <testcase classname="testcases.Sortable_Test" name="navigate_to_sortable" time="0.181"/>
  <testcase classname="testcases.Sortable_Test" name="grid" time="0.092"/>
  <testcase classname="testcases.Sortable_Test" name="list" time="0.086"/>
  <testcase classname="testcases.Selectable_Test" name="navigate_to_selectable" time="0.069"/>
  <testcase classname="testcases.Selectable_Test" name="select_all_list_options" time="0.287"/>
  <testcase classname="testcases.Selectable_Test" name="switch_to_grid" time="0.37"/>
  <testcase classname="testcases.Resizable_Test" name="navigate_to_resizable" time="0.055"/>
  <testcase classname="testcases.Resizable_Test" name="resize_box_contained" time="0.568"/>
  <testcase classname="testcases.Resizable_Test" name="resize_page_contained" time="0.642"/>
  <testcase classname="testcases.Droppable_Test" name="navigate_to_droppable" time="0.139"/>
  <testcase classname="testcases.Droppable_Test" name="simple_drag_drop" time="0.363"/>
  <testcase classname="testcases.Droppable_Test" name="accept_tab_dragdrop" time="0.756"/>
  <testcase classname="testcases.Droppable_Test" name="prevent_propagation_tab_dragdrop" time="0.869"/>
  <testcase classname="testcases.Droppable_Test" name="revert_draggable_tab_dragdrop" time="0.825"/>
  <testcase classname="testcases.Draggable_Test" name="navigate_to_draggable" time="0.08"/>
  <testcase classname="testcases.Draggable_Test" name="simple_drag" time="0.405"/>
  <testcase classname="testcases.Draggable_Test" name="axis_tab_dragdrop" time="0.986"/>
  <testcase classname="testcases.Draggable_Test" name="container_tab_dragdrop" time="1.024"/>
  <testcase classname="testcases.Draggable_Test" name="curser_style_tab_dragdrop" time="0.0">
    <ignored/>
  </testcase> <!-- curser_style_tab_dragdrop -->
  <testcase classname="base.Base" name="@AfterTest teardown" time="0.0">
    <ignored/>
  </testcase> <!-- @AfterTest teardown -->
  <testcase classname="base.Base" name="@BeforeTest setup" time="0.0">
    <ignored/>
  </testcase> <!-- @BeforeTest setup -->
  <testcase classname="base.Base" name="@BeforeTest setup" time="0.0">
    <ignored/>
  </testcase> <!-- @BeforeTest setup -->
  <testcase classname="base.Base" name="@AfterTest teardown" time="0.0">
    <ignored/>
  </testcase> <!-- @AfterTest teardown -->
  <testcase classname="base.Base" name="@AfterTest teardown" time="0.0">
    <ignored/>
  </testcase> <!-- @AfterTest teardown -->
  <testcase classname="base.Base" name="@AfterTest teardown" time="0.0">
    <ignored/>
  </testcase> <!-- @AfterTest teardown -->
  <testcase classname="base.Base" name="@BeforeTest setup" time="0.0">
    <ignored/>
  </testcase> <!-- @BeforeTest setup -->
  <testcase classname="base.Base" name="@BeforeTest setup" time="0.0">
    <ignored/>
  </testcase> <!-- @BeforeTest setup -->
</testsuite> <!-- Interactions -->
