<?xml version="1.0" encoding="UTF-8"?>
<!-- Generated by org.testng.reporters.JUnitXMLReporter -->
<testsuite ignored="16" hostname="josh-Latitude-3410" failures="0" tests="34" name="Widgets" time="25.098" errors="0" timestamp="2023-02-22T10:29:42 IST">
  <testcase classname="testcases.Accordian_Test" name="navigate_to_accordian" time="0.179"/>
  <testcase classname="testcases.Accordian_Test" name="heading1" time="0.1"/>
  <testcase classname="testcases.Accordian_Test" name="heading2" time="0.109"/>
  <testcase classname="testcases.Accordian_Test" name="heading3" time="0.174"/>
  <testcase classname="testcases.AutoComplete_Test" name="navigate_to_autocomplete" time="0.08"/>
  <testcase classname="testcases.AutoComplete_Test" name="multi_colors_textbox" time="0.402"/>
  <testcase classname="testcases.AutoComplete_Test" name="single_color_textbox" time="0.217"/>
  <testcase classname="testcases.Datepicker_Test" name="navigate_to_datepicker" time="0.072"/>
  <testcase classname="testcases.Datepicker_Test" name="calender1" time="0.331"/>
  <testcase classname="testcases.Datepicker_Test" name="calender2" time="2.099"/>
  <testcase classname="testcases.Slider_Test" name="navigate_to_slider" time="0.057"/>
  <testcase classname="testcases.Slider_Test" name="drag_drop_slider" time="0.488"/>
  <testcase classname="testcases.Slider_Test" name="verify_dragdrop_successful" time="0.0"/>
  <testcase classname="testcases.ProgressBar_Test" name="navigate_to_progressbar" time="0.064"/>
  <testcase classname="testcases.ProgressBar_Test" name="track_progress_before_start" time="0.02"/>
  <testcase classname="testcases.ProgressBar_Test" name="click_on_start" time="0.144"/>
  <testcase classname="testcases.ProgressBar_Test" name="click_on_stop" time="0.163"/>
  <testcase classname="testcases.ProgressBar_Test" name="compare_progress" time="0.051"/>
  <testcase classname="testcases.Tabs_Test" name="navigate_to_tabs" time="0.092"/>
  <testcase classname="testcases.Tabs_Test" name="switch_tabs" time="0.093"/>
  <testcase classname="testcases.ToolTips_Test" name="navigate_to_tooltips" time="0.056"/>
  <testcase classname="testcases.ToolTips_Test" name="hover_over_button" time="0.127"/>
  <testcase classname="testcases.ToolTips_Test" name="hover_over_textbox" time="0.146"/>
  <testcase classname="testcases.Menu_Test" name="navigate_to_menu" time="0.103"/>
  <testcase classname="testcases.Menu_Test" name="menu1" time="0.128"/>
  <testcase classname="testcases.Menu_Test" name="menu3" time="0.155"/>
  <testcase classname="testcases.Menu_Test" name="menu2" time="0.483"/>
  <testcase classname="testcases.Menu_Test" name="hover_over_submenu" time="0.5"/>
  <testcase classname="testcases.SelectMenu_Test" name="naviagate_to_selectmenu" time="0.134"/>
  <testcase classname="testcases.SelectMenu_Test" name="select_dropdown" time="0.071"/>
  <testcase classname="testcases.SelectMenu_Test" name="standard_multiselect" time="0.129"/>
  <testcase classname="testcases.SelectMenu_Test" name="multi_select" time="0.15"/>
  <testcase classname="testcases.SelectMenu_Test" name="value_dropdown" time="0.157"/>
  <testcase classname="testcases.SelectMenu_Test" name="one_dropdown" time="0.183"/>
  <testcase classname="base.Base" name="@BeforeTest setup" time="0.0">
    <ignored/>
  </testcase> <!-- @BeforeTest setup -->
  <testcase classname="base.Base" name="@AfterTest teardown" time="0.0">
    <ignored/>
  </testcase> <!-- @AfterTest teardown -->
  <testcase classname="base.Base" name="@AfterTest teardown" time="0.0">
    <ignored/>
  </testcase> <!-- @AfterTest teardown -->
  <testcase classname="base.Base" name="@BeforeTest setup" time="0.0">
    <ignored/>
  </testcase> <!-- @BeforeTest setup -->
  <testcase classname="base.Base" name="@BeforeTest setup" time="0.0">
    <ignored/>
  </testcase> <!-- @BeforeTest setup -->
  <testcase classname="base.Base" name="@AfterTest teardown" time="0.0">
    <ignored/>
  </testcase> <!-- @AfterTest teardown -->
  <testcase classname="base.Base" name="@BeforeTest setup" time="0.0">
    <ignored/>
  </testcase> <!-- @BeforeTest setup -->
  <testcase classname="base.Base" name="@BeforeTest setup" time="0.0">
    <ignored/>
  </testcase> <!-- @BeforeTest setup -->
  <testcase classname="base.Base" name="@BeforeTest setup" time="0.0">
    <ignored/>
  </testcase> <!-- @BeforeTest setup -->
  <testcase classname="base.Base" name="@BeforeTest setup" time="0.0">
    <ignored/>
  </testcase> <!-- @BeforeTest setup -->
  <testcase classname="base.Base" name="@AfterTest teardown" time="0.0">
    <ignored/>
  </testcase> <!-- @AfterTest teardown -->
  <testcase classname="base.Base" name="@BeforeTest setup" time="0.0">
    <ignored/>
  </testcase> <!-- @BeforeTest setup -->
  <testcase classname="base.Base" name="@AfterTest teardown" time="0.0">
    <ignored/>
  </testcase> <!-- @AfterTest teardown -->
  <testcase classname="base.Base" name="@AfterTest teardown" time="0.0">
    <ignored/>
  </testcase> <!-- @AfterTest teardown -->
  <testcase classname="base.Base" name="@AfterTest teardown" time="0.0">
    <ignored/>
  </testcase> <!-- @AfterTest teardown -->
  <testcase classname="base.Base" name="@AfterTest teardown" time="0.0">
    <ignored/>
  </testcase> <!-- @AfterTest teardown -->
</testsuite> <!-- Widgets -->
