<?xml version="1.0" encoding="UTF-8"?>
<!-- Generated by org.testng.reporters.JUnitXMLReporter -->
<testsuite ignored="0" hostname="josh-Latitude-3410" failures="0" tests="5" name="DemoQA" time="26.879" errors="0" timestamp="2023-02-13T15:21:18 IST">
  <testcase classname="testcases.Alerts_Test" name="navigate_to_alerts" time="0.453"/>
  <testcase classname="testcases.Alerts_Test" name="handle_simple_alert" time="0.821"/>
  <testcase classname="testcases.Alerts_Test" name="handle_delay_alert" time="5.531"/>
  <testcase classname="testcases.Alerts_Test" name="handle_confirm_alert" time="0.338"/>
  <testcase classname="testcases.Alerts_Test" name="handle_prompt_alert" time="0.385"/>
</testsuite> <!-- DemoQA -->
